2025-01-24 09:03:53,808 WARN c.z.h.p.HikariPool [HikariPool-35 housekeeper] HikariPool-35 - Thread starvation or clock leap detected (housekeeper delta=14h47m40s623ms605µs800ns).
2025-01-24 09:24:26,206 INFO g.l.a.s.SecurityService [http-nio-8080-exec-9] Tentativa de login - admin
2025-01-24 09:24:26,206 INFO g.l.a.s.SecurityService [http-nio-8080-exec-9] Usuário: admin - autenticado com sucesso!
2025-01-24 09:24:26,331 INFO g.l.a.s.SecurityService [http-nio-8080-exec-3] Buscando permissões do usuário - admin
2025-01-24 09:24:26,334 INFO g.l.a.s.SecurityService [http-nio-8080-exec-3] Usuário admin encontrado
2025-01-24 09:24:26,340 INFO g.l.a.s.SecurityService [http-nio-8080-exec-3] Permissões de admin encontradas
2025-01-24 09:24:26,340 INFO g.l.a.s.SecurityService [http-nio-8080-exec-3] Buscar permissões concluído
2025-01-24 09:24:26,345 INFO g.l.a.s.SecurityService [http-nio-8080-exec-1] Buscando permissões do usuário - admin
2025-01-24 09:24:26,348 INFO g.l.a.s.SecurityService [http-nio-8080-exec-1] Usuário admin encontrado
2025-01-24 09:24:26,350 INFO g.l.a.s.SecurityService [http-nio-8080-exec-1] Permissões de admin encontradas
2025-01-24 09:24:26,350 INFO g.l.a.s.SecurityService [http-nio-8080-exec-1] Buscar permissões concluído
2025-01-24 09:25:47,069 INFO o.s.b.d.a.LocalDevToolsAutoConfiguration$RestartingClassPathChangeChangedEventListener [File Watcher] Restarting due to 1 class path change (0 additions, 0 deletions, 1 modification)
2025-01-24 09:25:47,070 INFO o.s.b.w.e.t.GracefulShutdown [Thread-141] Commencing graceful shutdown. Waiting for active requests to complete
2025-01-24 09:25:47,071 INFO o.a.c.h.Http11NioProtocol [tomcat-shutdown] Pausing ProtocolHandler ["http-nio-8080"]
2025-01-24 09:25:47,074 INFO o.s.b.w.e.t.GracefulShutdown [tomcat-shutdown] Graceful shutdown complete
2025-01-24 09:25:47,074 INFO o.a.c.h.Http11NioProtocol [Thread-141] Stopping ProtocolHandler ["http-nio-8080"]
2025-01-24 09:25:47,077 INFO o.s.o.j.LocalContainerEntityManagerFactoryBean [Thread-141] Closing JPA EntityManagerFactory for persistence unit 'default'
2025-01-24 09:25:47,077 INFO c.z.h.HikariDataSource [Thread-141] HikariPool-35 - Shutdown initiated...
2025-01-24 09:25:47,079 INFO c.z.h.HikariDataSource [Thread-141] HikariPool-35 - Shutdown completed.
2025-01-24 09:25:47,207 INFO g.l.a.AppApplication [restartedMain] Iniciando a API do Gerenciador LFF
2025-01-24 09:25:47,245 INFO g.l.a.AppApplication [restartedMain] Starting AppApplication using Java 21.0.4 with PID 1220 (C:\dev\projects\gerenciador-lff\app\target\classes started by Evandro Acorsi Filho in C:\dev\projects\gerenciador-lff\app)
2025-01-24 09:25:47,246 INFO g.l.a.AppApplication [restartedMain] No active profile set, falling back to 1 default profile: "default"
2025-01-24 09:25:47,589 INFO o.s.d.r.c.RepositoryConfigurationDelegate [restartedMain] Bootstrapping Spring Data JPA repositories in DEFAULT mode.
2025-01-24 09:25:47,617 INFO o.s.d.r.c.RepositoryConfigurationDelegate [restartedMain] Finished Spring Data repository scanning in 27 ms. Found 5 JPA repository interfaces.
2025-01-24 09:25:47,812 INFO o.s.b.w.e.t.TomcatWebServer [restartedMain] Tomcat initialized with port 8080 (http)
2025-01-24 09:25:47,816 INFO o.a.c.h.Http11NioProtocol [restartedMain] Initializing ProtocolHandler ["http-nio-8080"]
2025-01-24 09:25:47,817 INFO o.a.c.c.StandardService [restartedMain] Starting service [Tomcat]
2025-01-24 09:25:47,817 INFO o.a.c.c.StandardEngine [restartedMain] Starting Servlet engine: [Apache Tomcat/10.1.34]
2025-01-24 09:25:47,833 INFO o.a.c.c.C.[.[.[/] [restartedMain] Initializing Spring embedded WebApplicationContext
2025-01-24 09:25:47,833 INFO o.s.b.w.s.c.ServletWebServerApplicationContext [restartedMain] Root WebApplicationContext: initialization completed in 584 ms
2025-01-24 09:25:47,943 INFO c.z.h.HikariDataSource [restartedMain] HikariPool-36 - Starting...
2025-01-24 09:25:48,081 INFO c.z.h.p.HikariPool [restartedMain] HikariPool-36 - Added connection org.postgresql.jdbc.PgConnection@67b44519
2025-01-24 09:25:48,081 INFO c.z.h.HikariDataSource [restartedMain] HikariPool-36 - Start completed.
2025-01-24 09:25:48,095 INFO o.h.j.i.u.LogHelper [restartedMain] HHH000204: Processing PersistenceUnitInfo [name: default]
2025-01-24 09:25:48,097 INFO o.h.c.i.RegionFactoryInitiator [restartedMain] HHH000026: Second-level cache disabled
2025-01-24 09:25:48,134 INFO o.s.o.j.p.SpringPersistenceUnitInfo [restartedMain] No LoadTimeWeaver setup: ignoring JPA class transformer
2025-01-24 09:25:48,148 INFO o.h.o.c.pooling [restartedMain] HHH10001005: Database info:
	Database JDBC URL [Connecting through datasource 'HikariDataSource (HikariPool-36)']
	Database driver: undefined/unknown
	Database version: 14.13
	Autocommit mode: undefined/unknown
	Isolation level: undefined/unknown
	Minimum pool size: undefined/unknown
	Maximum pool size: undefined/unknown
2025-01-24 09:25:48,316 INFO o.h.e.t.j.p.i.JtaPlatformInitiator [restartedMain] HHH000489: No JTA platform available (set 'hibernate.transaction.jta.platform' to enable JTA platform integration)
2025-01-24 09:25:48,317 INFO o.s.o.j.LocalContainerEntityManagerFactoryBean [restartedMain] Initialized JPA EntityManagerFactory for persistence unit 'default'
2025-01-24 09:25:48,528 WARN o.s.b.a.o.j.JpaBaseConfiguration$JpaWebConfiguration [restartedMain] spring.jpa.open-in-view is enabled by default. Therefore, database queries may be performed during view rendering. Explicitly configure spring.jpa.open-in-view to disable this warning
2025-01-24 09:25:48,568 INFO o.s.v.b.OptionalValidatorFactoryBean [restartedMain] Failed to set up a Bean Validation provider: jakarta.validation.NoProviderFoundException: Unable to create a Configuration, because no Jakarta Bean Validation provider could be found. Add a provider like Hibernate Validator (RI) to your classpath.
2025-01-24 09:25:48,820 INFO o.s.b.d.a.OptionalLiveReloadServer [restartedMain] LiveReload server is running on port 35729
2025-01-24 09:25:48,823 INFO o.s.b.a.e.w.EndpointLinksResolver [restartedMain] Exposing 1 endpoint beneath base path '/actuator'
2025-01-24 09:25:48,836 INFO o.a.c.h.Http11NioProtocol [restartedMain] Starting ProtocolHandler ["http-nio-8080"]
2025-01-24 09:25:48,838 INFO o.s.b.w.e.t.TomcatWebServer [restartedMain] Tomcat started on port 8080 (http) with context path '/'
2025-01-24 09:25:48,841 INFO g.l.a.AppApplication [restartedMain] Started AppApplication in 1.632 seconds (process running for 72603.477)
2025-01-24 09:25:48,842 INFO o.s.b.d.a.ConditionEvaluationDeltaLoggingListener [restartedMain] Condition evaluation unchanged
2025-01-24 09:25:48,843 INFO g.l.a.AppApplication [restartedMain] API iniciada e pronta para receber requisições
2025-01-24 09:25:55,511 INFO o.a.c.c.C.[.[.[/] [http-nio-8080-exec-6] Initializing Spring DispatcherServlet 'dispatcherServlet'
2025-01-24 09:25:55,511 INFO o.s.w.s.DispatcherServlet [http-nio-8080-exec-6] Initializing Servlet 'dispatcherServlet'
2025-01-24 09:25:55,512 INFO o.s.w.s.DispatcherServlet [http-nio-8080-exec-6] Completed initialization in 1 ms
2025-01-24 09:25:55,541 INFO g.l.a.c.SecurityController [http-nio-8080-exec-8] Usuário: admin - desconectado!
2025-01-24 09:25:55,542 INFO g.l.a.c.SecurityController [http-nio-8080-exec-4] Usuário: admin - desconectado!
2025-01-24 09:25:59,234 INFO g.l.a.s.SecurityService [http-nio-8080-exec-5] Tentativa de login - admin
2025-01-24 09:25:59,234 INFO g.l.a.s.SecurityService [http-nio-8080-exec-5] Usuário: admin - autenticado com sucesso!
2025-01-24 09:25:59,287 INFO g.l.a.s.SecurityService [http-nio-8080-exec-7] Buscando permissões do usuário - admin
2025-01-24 09:25:59,289 INFO g.l.a.s.SecurityService [http-nio-8080-exec-7] Usuário admin encontrado
2025-01-24 09:25:59,295 INFO g.l.a.s.SecurityService [http-nio-8080-exec-7] Permissões de admin encontradas
2025-01-24 09:25:59,295 INFO g.l.a.s.SecurityService [http-nio-8080-exec-7] Buscar permissões concluído
2025-01-24 09:25:59,302 INFO g.l.a.s.SecurityService [http-nio-8080-exec-3] Buscando permissões do usuário - admin
2025-01-24 09:25:59,304 INFO g.l.a.s.SecurityService [http-nio-8080-exec-3] Usuário admin encontrado
2025-01-24 09:25:59,307 INFO g.l.a.s.SecurityService [http-nio-8080-exec-3] Permissões de admin encontradas
2025-01-24 09:25:59,308 INFO g.l.a.s.SecurityService [http-nio-8080-exec-3] Buscar permissões concluído
2025-01-24 09:52:24,711 INFO g.l.a.s.SecurityService [http-nio-8080-exec-4] Buscando permissões do usuário - admin
2025-01-24 09:52:24,715 INFO g.l.a.s.SecurityService [http-nio-8080-exec-4] Usuário admin encontrado
2025-01-24 09:52:24,717 INFO g.l.a.s.SecurityService [http-nio-8080-exec-4] Permissões de admin encontradas
2025-01-24 09:52:24,717 INFO g.l.a.s.SecurityService [http-nio-8080-exec-4] Buscar permissões concluído
2025-01-24 09:52:46,499 INFO g.l.a.s.TurmaService [http-nio-8080-exec-10] Buscando turmas - 10
2025-01-24 09:52:46,499 INFO g.l.a.s.TurmaService [http-nio-8080-exec-10] Buscar turmas concluído
2025-01-24 09:52:46,508 INFO g.l.a.s.TurmaService [http-nio-8080-exec-7] Buscando turmas - 10
2025-01-24 09:52:46,508 INFO g.l.a.s.TurmaService [http-nio-8080-exec-7] Buscar turmas concluído
2025-01-24 09:52:48,168 INFO g.l.a.s.EscolaService [http-nio-8080-exec-1] Buscando escolas - 5
2025-01-24 09:52:48,168 INFO g.l.a.s.EscolaService [http-nio-8080-exec-1] Buscar escolas concluído
2025-01-24 09:52:48,182 INFO g.l.a.s.EscolaService [http-nio-8080-exec-2] Buscando escolas - 5
2025-01-24 09:52:48,182 INFO g.l.a.s.EscolaService [http-nio-8080-exec-2] Buscar escolas concluído
2025-01-24 09:52:50,323 INFO g.l.a.s.TurmaService [http-nio-8080-exec-6] Buscando turmas - 10
2025-01-24 09:52:50,323 INFO g.l.a.s.TurmaService [http-nio-8080-exec-6] Buscar turmas concluído
2025-01-24 09:52:50,331 INFO g.l.a.s.TurmaService [http-nio-8080-exec-8] Buscando turmas - 10
2025-01-24 09:52:50,331 INFO g.l.a.s.TurmaService [http-nio-8080-exec-8] Buscar turmas concluído
2025-01-24 09:53:08,958 INFO g.l.a.s.SecurityService [http-nio-8080-exec-5] Buscando permissões do usuário - admin
2025-01-24 09:53:08,958 INFO g.l.a.s.TurmaService [http-nio-8080-exec-4] Buscando turmas - 10
2025-01-24 09:53:08,958 INFO g.l.a.s.TurmaService [http-nio-8080-exec-4] Buscar turmas concluído
2025-01-24 09:53:08,962 INFO g.l.a.s.SecurityService [http-nio-8080-exec-5] Usuário admin encontrado
2025-01-24 09:53:08,966 INFO g.l.a.s.SecurityService [http-nio-8080-exec-5] Permissões de admin encontradas
2025-01-24 09:53:08,966 INFO g.l.a.s.SecurityService [http-nio-8080-exec-5] Buscar permissões concluído
